Using pre-set license
Built from '2020.3/release' branch; Version is '2020.3.7f1 (dd97f2c94397) revision 14522354'; Using compiler version '192528614'; Build Type 'Release'
OS: 'Windows 10 Home; OS build 19042.985; Version 2009; 64bit' Language: 'en' Physical Memory: 16271 MB
BatchMode: 1, IsHumanControllingUs: 0, StartBugReporterOnCrash: 0, Is64bit: 1, IsPro: 0

 COMMAND LINE ARGUMENTS:
C:\Program Files\Unity\Hub\Editor\2020.3.7f1\Editor\Unity.exe
-adb2
-batchMode
-noUpm
-name
AssetImportWorker0
-projectPath
D:/unitysaves/SuperCold/Super Cold
-logFile
Logs/AssetImportWorker0.log
-srvPort
52101
Successfully changed project path to: D:/unitysaves/SuperCold/Super Cold
D:/unitysaves/SuperCold/Super Cold
Using Asset Import Pipeline V2.
Refreshing native plugins compatible for Editor in 41.27 ms, found 0 plugins.
Preloading 0 native plugins for Editor in 0.00 ms.
Initialize engine version: 2020.3.7f1 (dd97f2c94397)
[Subsystems] Discovering subsystems at path C:/Program Files/Unity/Hub/Editor/2020.3.7f1/Editor/Data/Resources/UnitySubsystems
[Subsystems] Discovering subsystems at path D:/unitysaves/SuperCold/Super Cold/Assets
GfxDevice: creating device client; threaded=0
Direct3D:
    Version:  Direct3D 11.0 [level 11.1]
    Renderer: NVIDIA GeForce GTX 1060 (ID=0x1c20)
    Vendor:   
    VRAM:     6052 MB
    Driver:   27.21.14.6647
Initialize mono
Mono path[0] = 'C:/Program Files/Unity/Hub/Editor/2020.3.7f1/Editor/Data/Managed'
Mono path[1] = 'C:/Program Files/Unity/Hub/Editor/2020.3.7f1/Editor/Data/MonoBleedingEdge/lib/mono/unityjit'
Mono config path = 'C:/Program Files/Unity/Hub/Editor/2020.3.7f1/Editor/Data/MonoBleedingEdge/etc'
Using monoOptions --debugger-agent=transport=dt_socket,embedding=1,server=y,suspend=n,address=127.0.0.1:56564
Begin MonoManager ReloadAssembly
Registering precompiled unity dll's ...
Register platform support module: C:/Program Files/Unity/Hub/Editor/2020.3.7f1/Editor/Data/PlaybackEngines/WindowsStandaloneSupport/UnityEditor.WindowsStandalone.Extensions.dll
Registered in 0.003372 seconds.
Native extension for WindowsStandalone target not found
Refreshing native plugins compatible for Editor in 28.65 ms, found 0 plugins.
Preloading 0 native plugins for Editor in 0.00 ms.
Mono: successfully reloaded assembly
- Completed reload, in  1.396 seconds
Platform modules already initialized, skipping
Registering precompiled user dll's ...
Registered in 0.001968 seconds.
Begin MonoManager ReloadAssembly
Native extension for WindowsStandalone target not found
Refreshing native plugins compatible for Editor in 0.20 ms, found 0 plugins.
Preloading 0 native plugins for Editor in 0.00 ms.
Mono: successfully reloaded assembly
- Completed reload, in  1.197 seconds
Platform modules already initialized, skipping
========================================================================
Worker process is ready to serve import requests
Launched and connected shader compiler UnityShaderCompiler.exe after 0.07 seconds
Refreshing native plugins compatible for Editor in 0.23 ms, found 0 plugins.
Preloading 0 native plugins for Editor in 0.00 ms.
Unloading 1121 Unused Serialized files (Serialized files now loaded: 0)
System memory in use before: 58.4 MB.
System memory in use after: 58.5 MB.

Unloading 9 unused Assets to reduce memory usage. Loaded Objects now: 1567.
Total: 2.352900 ms (FindLiveObjects: 0.282600 ms CreateObjectMapping: 0.097200 ms MarkObjects: 1.877700 ms  DeleteObjects: 0.093200 ms)

========================================================================
Received Import Request.
  path: Assets/supercold_render.png
  artifactKey: Guid(391ea13ecf9ba6848abded638acf779b) Importer(815301076,1909f56bfc062723c751e8b465ee728b)
Start importing Assets/supercold_render.png using Guid(391ea13ecf9ba6848abded638acf779b) Importer(815301076,1909f56bfc062723c751e8b465ee728b)  -> (artifact id: '16940eba603ebd6788bd8efdddf1c31f') in 0.147804 seconds
  Import took 0.150276 seconds .

========================================================================
Received Prepare
Registering precompiled user dll's ...
Registered in 0.002093 seconds.
Begin MonoManager ReloadAssembly
Native extension for WindowsStandalone target not found
Refreshing native plugins compatible for Editor in 0.21 ms, found 0 plugins.
Preloading 0 native plugins for Editor in 0.00 ms.
Mono: successfully reloaded assembly
- Completed reload, in  1.265 seconds
Platform modules already initialized, skipping
Refreshing native plugins compatible for Editor in 0.22 ms, found 0 plugins.
Preloading 0 native plugins for Editor in 0.00 ms.
Unloading 1115 Unused Serialized files (Serialized files now loaded: 0)
System memory in use before: 61.3 MB.
System memory in use after: 61.4 MB.

Unloading 4 unused Assets to reduce memory usage. Loaded Objects now: 1576.
Total: 2.129100 ms (FindLiveObjects: 0.174100 ms CreateObjectMapping: 0.035200 ms MarkObjects: 1.903800 ms  DeleteObjects: 0.014600 ms)

========================================================================
Received Prepare
Registering precompiled user dll's ...
Registered in 0.002899 seconds.
Begin MonoManager ReloadAssembly
Native extension for WindowsStandalone target not found
Refreshing native plugins compatible for Editor in 0.26 ms, found 0 plugins.
Preloading 0 native plugins for Editor in 0.00 ms.
Mono: successfully reloaded assembly
- Completed reload, in  1.768 seconds
Platform modules already initialized, skipping
Refreshing native plugins compatible for Editor in 0.47 ms, found 0 plugins.
Preloading 0 native plugins for Editor in 0.00 ms.
Unloading 1115 Unused Serialized files (Serialized files now loaded: 0)
System memory in use before: 61.3 MB.
System memory in use after: 61.4 MB.

Unloading 4 unused Assets to reduce memory usage. Loaded Objects now: 1579.
Total: 5.580400 ms (FindLiveObjects: 0.250100 ms CreateObjectMapping: 0.076800 ms MarkObjects: 5.224800 ms  DeleteObjects: 0.025700 ms)

========================================================================
Received Prepare
Registering precompiled user dll's ...
Registered in 0.001707 seconds.
Begin MonoManager ReloadAssembly
Native extension for WindowsStandalone target not found
Refreshing native plugins compatible for Editor in 0.26 ms, found 0 plugins.
Preloading 0 native plugins for Editor in 0.00 ms.
Mono: successfully reloaded assembly
- Completed reload, in  1.266 seconds
Platform modules already initialized, skipping
Refreshing native plugins compatible for Editor in 0.34 ms, found 0 plugins.
Preloading 0 native plugins for Editor in 0.00 ms.
Unloading 1115 Unused Serialized files (Serialized files now loaded: 0)
System memory in use before: 61.4 MB.
System memory in use after: 61.5 MB.

Unloading 4 unused Assets to reduce memory usage. Loaded Objects now: 1582.
Total: 2.896300 ms (FindLiveObjects: 0.263200 ms CreateObjectMapping: 0.082800 ms MarkObjects: 2.529300 ms  DeleteObjects: 0.019500 ms)

========================================================================
Received Import Request.
  Time since last request: 954.974973 seconds.
  path: Assets/prefabs/obstacles
  artifactKey: Guid(cb700e4b649ef0d44b5f6e7b26388229) Importer(815301076,1909f56bfc062723c751e8b465ee728b)
Start importing Assets/prefabs/obstacles using Guid(cb700e4b649ef0d44b5f6e7b26388229) Importer(815301076,1909f56bfc062723c751e8b465ee728b)  -> (artifact id: '9c89ae23f940eeb8ee9afc49aae8e997') in 0.010007 seconds
  Import took 0.013139 seconds .

========================================================================
Received Import Request.
  Time since last request: 0.101427 seconds.
  path: Assets/prefabs/obstacles/Cylinder.prefab
  artifactKey: Guid(0c48b6589a975f849a1de293a286effa) Importer(815301076,1909f56bfc062723c751e8b465ee728b)
Start importing Assets/prefabs/obstacles/Cylinder.prefab using Guid(0c48b6589a975f849a1de293a286effa) Importer(815301076,1909f56bfc062723c751e8b465ee728b)  -> (artifact id: '69e51a2d704f5d9877bcd0e1a734b7b6') in 0.095428 seconds
  Import took 0.097753 seconds .

========================================================================
Received Import Request.
  Time since last request: 0.000362 seconds.
  path: Assets/prefabs/obstacles/edge3.prefab
  artifactKey: Guid(45e4097f444e75f4cb61399e343890d1) Importer(815301076,1909f56bfc062723c751e8b465ee728b)
Start importing Assets/prefabs/obstacles/edge3.prefab using Guid(45e4097f444e75f4cb61399e343890d1) Importer(815301076,1909f56bfc062723c751e8b465ee728b)  -> (artifact id: '74a8cfb3d20c02f3e473c5cc7f6b9e65') in 0.014441 seconds
  Import took 0.018024 seconds .

========================================================================
Received Import Request.
  Time since last request: 0.000625 seconds.
  path: Assets/prefabs/obstacles/edge7.prefab
  artifactKey: Guid(4e4807f1e3542924a9cd58bdabc93295) Importer(815301076,1909f56bfc062723c751e8b465ee728b)
Start importing Assets/prefabs/obstacles/edge7.prefab using Guid(4e4807f1e3542924a9cd58bdabc93295) Importer(815301076,1909f56bfc062723c751e8b465ee728b)  -> (artifact id: 'fd3a9ea79c891e80f29db9c6ff8ed541') in 0.020507 seconds
  Import took 0.024234 seconds .

========================================================================
Received Import Request.
  Time since last request: 0.000279 seconds.
  path: Assets/prefabs/obstacles/edge4.prefab
  artifactKey: Guid(a2b84bf09642bb347a63b00d42109b12) Importer(815301076,1909f56bfc062723c751e8b465ee728b)
Start importing Assets/prefabs/obstacles/edge4.prefab using Guid(a2b84bf09642bb347a63b00d42109b12) Importer(815301076,1909f56bfc062723c751e8b465ee728b)  -> (artifact id: 'ae69b204cfa7d8f83eff04a4ea0893ca') in 0.019881 seconds
  Import took 0.118820 seconds .

========================================================================
Received Import Request.
  Time since last request: 0.000253 seconds.
  path: Assets/prefabs/obstacles/edge6.prefab
  artifactKey: Guid(4758e4f643b8fc24f919a8fba03493a2) Importer(815301076,1909f56bfc062723c751e8b465ee728b)
Start importing Assets/prefabs/obstacles/edge6.prefab using Guid(4758e4f643b8fc24f919a8fba03493a2) Importer(815301076,1909f56bfc062723c751e8b465ee728b)  -> (artifact id: '0d570d3c38fb6324cd73345cea02b4dd') in 0.012490 seconds
  Import took 0.015404 seconds .

========================================================================
Received Import Request.
  Time since last request: 0.000328 seconds.
  path: Assets/prefabs/obstacles/edge2.prefab
  artifactKey: Guid(55e8a9e1020d9204a8d9e70dd31f4112) Importer(815301076,1909f56bfc062723c751e8b465ee728b)
Start importing Assets/prefabs/obstacles/edge2.prefab using Guid(55e8a9e1020d9204a8d9e70dd31f4112) Importer(815301076,1909f56bfc062723c751e8b465ee728b)  -> (artifact id: '878a974c866cee9d7196bc906c101891') in 0.019319 seconds
  Import took 0.023746 seconds .

========================================================================
Received Import Request.
  Time since last request: 0.000834 seconds.
  path: Assets/prefabs/obstacles/edge1.prefab
  artifactKey: Guid(974cd6423825daf408c2dd107080cb70) Importer(815301076,1909f56bfc062723c751e8b465ee728b)
Start importing Assets/prefabs/obstacles/edge1.prefab using Guid(974cd6423825daf408c2dd107080cb70) Importer(815301076,1909f56bfc062723c751e8b465ee728b)  -> (artifact id: '8674d6e3ae894f7d1d068de2ce7b2ca8') in 0.017521 seconds
  Import took 0.021743 seconds .

========================================================================
Received Import Request.
  Time since last request: 0.000825 seconds.
  path: Assets/prefabs/obstacles/edge0.prefab
  artifactKey: Guid(90a8960a5a69ee94c99f81d81da2cb00) Importer(815301076,1909f56bfc062723c751e8b465ee728b)
Start importing Assets/prefabs/obstacles/edge0.prefab using Guid(90a8960a5a69ee94c99f81d81da2cb00) Importer(815301076,1909f56bfc062723c751e8b465ee728b)  -> (artifact id: '4d0a96c5d09a976a4e05bda08c226521') in 0.017974 seconds
  Import took 0.021583 seconds .

========================================================================
Received Import Request.
  Time since last request: 0.000334 seconds.
  path: Assets/prefabs/obstacles/edge5.prefab
  artifactKey: Guid(092fb348749745b40991ad5e40e418c7) Importer(815301076,1909f56bfc062723c751e8b465ee728b)
Start importing Assets/prefabs/obstacles/edge5.prefab using Guid(092fb348749745b40991ad5e40e418c7) Importer(815301076,1909f56bfc062723c751e8b465ee728b)  -> (artifact id: '0137ab6e0fe86c2dee18c642d1eec9a3') in 0.019400 seconds
  Import took 0.022628 seconds .

========================================================================
Received Import Request.
  Time since last request: 0.007297 seconds.
  path: Assets/prefabs/obstacles/edge5.prefab
  artifactKey: Guid(092fb348749745b40991ad5e40e418c7) Importer(815301076,1909f56bfc062723c751e8b465ee728b)
Start importing Assets/prefabs/obstacles/edge5.prefab using Guid(092fb348749745b40991ad5e40e418c7) Importer(815301076,1909f56bfc062723c751e8b465ee728b)  -> (artifact id: '0137ab6e0fe86c2dee18c642d1eec9a3') in 0.017100 seconds
  Import took 0.019853 seconds .

========================================================================
Received Import Request.
  Time since last request: 5.313282 seconds.
  path: ProjectSettings/TagManager.asset
  artifactKey: Guid(00000000000000003000000000000000) Importer(815301076,1909f56bfc062723c751e8b465ee728b)
Start importing ProjectSettings/TagManager.asset using Guid(00000000000000003000000000000000) Importer(815301076,1909f56bfc062723c751e8b465ee728b)  -> (artifact id: '4bc6c7132bc1a5aacf7c6d4c5c91727d') in 0.011119 seconds
  Import took 0.013951 seconds .

========================================================================
Received Import Request.
  Time since last request: 0.004075 seconds.
  path: ProjectSettings/TagManager.asset
  artifactKey: Guid(00000000000000003000000000000000) Importer(815301076,1909f56bfc062723c751e8b465ee728b)
Start importing ProjectSettings/TagManager.asset using Guid(00000000000000003000000000000000) Importer(815301076,1909f56bfc062723c751e8b465ee728b)  -> (artifact id: '4bc6c7132bc1a5aacf7c6d4c5c91727d') in 0.007011 seconds
  Import took 0.011296 seconds .

========================================================================
Received Import Request.
  Time since last request: 0.013404 seconds.
  path: Assets/prefabs/obstacles/edge0.prefab
  artifactKey: Guid(90a8960a5a69ee94c99f81d81da2cb00) Importer(815301076,1909f56bfc062723c751e8b465ee728b)
Start importing Assets/prefabs/obstacles/edge0.prefab using Guid(90a8960a5a69ee94c99f81d81da2cb00) Importer(815301076,1909f56bfc062723c751e8b465ee728b)  -> (artifact id: '4e1835ca9d713a0cfd5fe5b6cd0c78d9') in 0.019365 seconds
  Import took 0.022254 seconds .

========================================================================
Received Import Request.
  Time since last request: 12.876478 seconds.
  path: Assets/prefabs/obstacles/edge0.prefab
  artifactKey: Guid(90a8960a5a69ee94c99f81d81da2cb00) Importer(815301076,1909f56bfc062723c751e8b465ee728b)
Start importing Assets/prefabs/obstacles/edge0.prefab using Guid(90a8960a5a69ee94c99f81d81da2cb00) Importer(815301076,1909f56bfc062723c751e8b465ee728b)  -> (artifact id: '4d4cec1fcdf728731ace3e4923188778') in 0.013203 seconds
  Import took 0.016749 seconds .

========================================================================
Received Import Request.
  Time since last request: 0.017284 seconds.
  path: Assets/prefabs/obstacles/edge0.prefab
  artifactKey: Guid(90a8960a5a69ee94c99f81d81da2cb00) Importer(815301076,1909f56bfc062723c751e8b465ee728b)
Start importing Assets/prefabs/obstacles/edge0.prefab using Guid(90a8960a5a69ee94c99f81d81da2cb00) Importer(815301076,1909f56bfc062723c751e8b465ee728b)  -> (artifact id: '4d4cec1fcdf728731ace3e4923188778') in 0.017701 seconds
  Import took 0.020237 seconds .

========================================================================
Received Import Request.
  Time since last request: 2.772624 seconds.
  path: Assets/prefabs/obstacles/edge1.prefab
  artifactKey: Guid(974cd6423825daf408c2dd107080cb70) Importer(815301076,1909f56bfc062723c751e8b465ee728b)
Start importing Assets/prefabs/obstacles/edge1.prefab using Guid(974cd6423825daf408c2dd107080cb70) Importer(815301076,1909f56bfc062723c751e8b465ee728b)  -> (artifact id: '5e2202a40cf532816b28184a957d0e53') in 0.017688 seconds
  Import took 0.021562 seconds .

========================================================================
Received Import Request.
  Time since last request: 0.016287 seconds.
  path: Assets/prefabs/obstacles/edge1.prefab
  artifactKey: Guid(974cd6423825daf408c2dd107080cb70) Importer(815301076,1909f56bfc062723c751e8b465ee728b)
Start importing Assets/prefabs/obstacles/edge1.prefab using Guid(974cd6423825daf408c2dd107080cb70) Importer(815301076,1909f56bfc062723c751e8b465ee728b)  -> (artifact id: '5e2202a40cf532816b28184a957d0e53') in 0.020010 seconds
  Import took 0.023143 seconds .

========================================================================
Received Import Request.
  Time since last request: 2.161826 seconds.
  path: Assets/prefabs/obstacles/edge2.prefab
  artifactKey: Guid(55e8a9e1020d9204a8d9e70dd31f4112) Importer(815301076,1909f56bfc062723c751e8b465ee728b)
Start importing Assets/prefabs/obstacles/edge2.prefab using Guid(55e8a9e1020d9204a8d9e70dd31f4112) Importer(815301076,1909f56bfc062723c751e8b465ee728b)  -> (artifact id: '72f2f5e873a06c6bef42e889306d1e5e') in 0.014951 seconds
  Import took 0.018244 seconds .

========================================================================
Received Import Request.
  Time since last request: 0.016739 seconds.
  path: Assets/prefabs/obstacles/edge2.prefab
  artifactKey: Guid(55e8a9e1020d9204a8d9e70dd31f4112) Importer(815301076,1909f56bfc062723c751e8b465ee728b)
Start importing Assets/prefabs/obstacles/edge2.prefab using Guid(55e8a9e1020d9204a8d9e70dd31f4112) Importer(815301076,1909f56bfc062723c751e8b465ee728b)  -> (artifact id: '72f2f5e873a06c6bef42e889306d1e5e') in 0.019476 seconds
  Import took 0.022915 seconds .

========================================================================
Received Import Request.
  Time since last request: 2.398813 seconds.
  path: Assets/prefabs/obstacles/edge3.prefab
  artifactKey: Guid(45e4097f444e75f4cb61399e343890d1) Importer(815301076,1909f56bfc062723c751e8b465ee728b)
Start importing Assets/prefabs/obstacles/edge3.prefab using Guid(45e4097f444e75f4cb61399e343890d1) Importer(815301076,1909f56bfc062723c751e8b465ee728b)  -> (artifact id: '6b75fce87c6ae687b794b072615a2757') in 0.015996 seconds
  Import took 0.019442 seconds .

========================================================================
Received Import Request.
  Time since last request: 0.016647 seconds.
  path: Assets/prefabs/obstacles/edge3.prefab
  artifactKey: Guid(45e4097f444e75f4cb61399e343890d1) Importer(815301076,1909f56bfc062723c751e8b465ee728b)
Start importing Assets/prefabs/obstacles/edge3.prefab using Guid(45e4097f444e75f4cb61399e343890d1) Importer(815301076,1909f56bfc062723c751e8b465ee728b)  -> (artifact id: '6b75fce87c6ae687b794b072615a2757') in 0.016868 seconds
  Import took 0.022816 seconds .

========================================================================
Received Import Request.
  Time since last request: 2.849422 seconds.
  path: Assets/prefabs/obstacles/edge4.prefab
  artifactKey: Guid(a2b84bf09642bb347a63b00d42109b12) Importer(815301076,1909f56bfc062723c751e8b465ee728b)
Start importing Assets/prefabs/obstacles/edge4.prefab using Guid(a2b84bf09642bb347a63b00d42109b12) Importer(815301076,1909f56bfc062723c751e8b465ee728b)  -> (artifact id: '9c5c1bc2a8f8b97100c0f8d2cd95f295') in 0.015568 seconds
  Import took 0.018557 seconds .

========================================================================
Received Import Request.
  Time since last request: 0.017813 seconds.
  path: Assets/prefabs/obstacles/edge4.prefab
  artifactKey: Guid(a2b84bf09642bb347a63b00d42109b12) Importer(815301076,1909f56bfc062723c751e8b465ee728b)
Start importing Assets/prefabs/obstacles/edge4.prefab using Guid(a2b84bf09642bb347a63b00d42109b12) Importer(815301076,1909f56bfc062723c751e8b465ee728b)  -> (artifact id: '9c5c1bc2a8f8b97100c0f8d2cd95f295') in 0.017776 seconds
  Import took 0.020709 seconds .

========================================================================
Received Import Request.
  Time since last request: 2.451651 seconds.
  path: Assets/prefabs/obstacles/edge5.prefab
  artifactKey: Guid(092fb348749745b40991ad5e40e418c7) Importer(815301076,1909f56bfc062723c751e8b465ee728b)
Start importing Assets/prefabs/obstacles/edge5.prefab using Guid(092fb348749745b40991ad5e40e418c7) Importer(815301076,1909f56bfc062723c751e8b465ee728b)  -> (artifact id: 'df8a5342f69a5f3258a43f46ad451f23') in 0.013986 seconds
  Import took 0.017367 seconds .

========================================================================
Received Import Request.
  Time since last request: 0.014044 seconds.
  path: Assets/prefabs/obstacles/edge5.prefab
  artifactKey: Guid(092fb348749745b40991ad5e40e418c7) Importer(815301076,1909f56bfc062723c751e8b465ee728b)
Start importing Assets/prefabs/obstacles/edge5.prefab using Guid(092fb348749745b40991ad5e40e418c7) Importer(815301076,1909f56bfc062723c751e8b465ee728b)  -> (artifact id: 'df8a5342f69a5f3258a43f46ad451f23') in 0.018034 seconds
  Import took 0.024809 seconds .

========================================================================
Received Import Request.
  Time since last request: 2.326268 seconds.
  path: Assets/prefabs/obstacles/edge6.prefab
  artifactKey: Guid(4758e4f643b8fc24f919a8fba03493a2) Importer(815301076,1909f56bfc062723c751e8b465ee728b)
Start importing Assets/prefabs/obstacles/edge6.prefab using Guid(4758e4f643b8fc24f919a8fba03493a2) Importer(815301076,1909f56bfc062723c751e8b465ee728b)  -> (artifact id: 'ff09bb4b798f009d339028c120764636') in 0.014276 seconds
  Import took 0.017138 seconds .

========================================================================
Received Import Request.
  Time since last request: 0.016599 seconds.
  path: Assets/prefabs/obstacles/edge6.prefab
  artifactKey: Guid(4758e4f643b8fc24f919a8fba03493a2) Importer(815301076,1909f56bfc062723c751e8b465ee728b)
Start importing Assets/prefabs/obstacles/edge6.prefab using Guid(4758e4f643b8fc24f919a8fba03493a2) Importer(815301076,1909f56bfc062723c751e8b465ee728b)  -> (artifact id: 'ff09bb4b798f009d339028c120764636') in 0.016293 seconds
  Import took 0.022065 seconds .

========================================================================
Received Import Request.
  Time since last request: 2.112215 seconds.
  path: Assets/prefabs/obstacles/edge7.prefab
  artifactKey: Guid(4e4807f1e3542924a9cd58bdabc93295) Importer(815301076,1909f56bfc062723c751e8b465ee728b)
Start importing Assets/prefabs/obstacles/edge7.prefab using Guid(4e4807f1e3542924a9cd58bdabc93295) Importer(815301076,1909f56bfc062723c751e8b465ee728b)  -> (artifact id: 'ed0b010014ad608d69f46ce8d4832ff4') in 0.015237 seconds
  Import took 0.018771 seconds .

========================================================================
Received Import Request.
  Time since last request: 0.014740 seconds.
  path: Assets/prefabs/obstacles/edge7.prefab
  artifactKey: Guid(4e4807f1e3542924a9cd58bdabc93295) Importer(815301076,1909f56bfc062723c751e8b465ee728b)
Start importing Assets/prefabs/obstacles/edge7.prefab using Guid(4e4807f1e3542924a9cd58bdabc93295) Importer(815301076,1909f56bfc062723c751e8b465ee728b)  -> (artifact id: 'ed0b010014ad608d69f46ce8d4832ff4') in 0.018818 seconds
  Import took 0.024387 seconds .

========================================================================
Received Prepare
Registering precompiled user dll's ...
Registered in 0.003459 seconds.
Begin MonoManager ReloadAssembly
Native extension for WindowsStandalone target not found
Refreshing native plugins compatible for Editor in 0.34 ms, found 0 plugins.
Preloading 0 native plugins for Editor in 0.00 ms.
Mono: successfully reloaded assembly
- Completed reload, in  1.307 seconds
Platform modules already initialized, skipping
Refreshing native plugins compatible for Editor in 0.44 ms, found 0 plugins.
Preloading 0 native plugins for Editor in 0.00 ms.
Unloading 1115 Unused Serialized files (Serialized files now loaded: 0)
System memory in use before: 61.5 MB.
System memory in use after: 61.6 MB.

Unloading 7 unused Assets to reduce memory usage. Loaded Objects now: 1592.
Total: 2.023900 ms (FindLiveObjects: 0.206900 ms CreateObjectMapping: 0.054400 ms MarkObjects: 1.741500 ms  DeleteObjects: 0.019800 ms)

========================================================================
Received Prepare
Registering precompiled user dll's ...
Registered in 0.002098 seconds.
Begin MonoManager ReloadAssembly
Native extension for WindowsStandalone target not found
Refreshing native plugins compatible for Editor in 0.27 ms, found 0 plugins.
Preloading 0 native plugins for Editor in 0.00 ms.
Mono: successfully reloaded assembly
- Completed reload, in  1.204 seconds
Platform modules already initialized, skipping
Refreshing native plugins compatible for Editor in 0.23 ms, found 0 plugins.
Preloading 0 native plugins for Editor in 0.00 ms.
Unloading 1115 Unused Serialized files (Serialized files now loaded: 0)
System memory in use before: 61.5 MB.
System memory in use after: 61.6 MB.

Unloading 4 unused Assets to reduce memory usage. Loaded Objects now: 1595.
Total: 2.060100 ms (FindLiveObjects: 0.201000 ms CreateObjectMapping: 0.070100 ms MarkObjects: 1.770100 ms  DeleteObjects: 0.017400 ms)

========================================================================
Received Prepare
Registering precompiled user dll's ...
Registered in 0.003257 seconds.
Begin MonoManager ReloadAssembly
Native extension for WindowsStandalone target not found
Refreshing native plugins compatible for Editor in 0.25 ms, found 0 plugins.
Preloading 0 native plugins for Editor in 0.00 ms.
Mono: successfully reloaded assembly
- Completed reload, in  1.235 seconds
Platform modules already initialized, skipping
Refreshing native plugins compatible for Editor in 0.30 ms, found 0 plugins.
Preloading 0 native plugins for Editor in 0.00 ms.
Unloading 1115 Unused Serialized files (Serialized files now loaded: 0)
System memory in use before: 61.5 MB.
System memory in use after: 61.6 MB.

Unloading 4 unused Assets to reduce memory usage. Loaded Objects now: 1598.
Total: 2.598900 ms (FindLiveObjects: 0.214300 ms CreateObjectMapping: 0.060400 ms MarkObjects: 2.302800 ms  DeleteObjects: 0.020000 ms)

========================================================================
Received Prepare
Registering precompiled user dll's ...
Registered in 0.002872 seconds.
Begin MonoManager ReloadAssembly
Native extension for WindowsStandalone target not found
Refreshing native plugins compatible for Editor in 0.23 ms, found 0 plugins.
Preloading 0 native plugins for Editor in 0.00 ms.
Mono: successfully reloaded assembly
- Completed reload, in  1.222 seconds
Platform modules already initialized, skipping
Refreshing native plugins compatible for Editor in 0.30 ms, found 0 plugins.
Preloading 0 native plugins for Editor in 0.00 ms.
Unloading 1115 Unused Serialized files (Serialized files now loaded: 0)
System memory in use before: 61.5 MB.
System memory in use after: 61.6 MB.

Unloading 4 unused Assets to reduce memory usage. Loaded Objects now: 1601.
Total: 2.145700 ms (FindLiveObjects: 0.274700 ms CreateObjectMapping: 0.105600 ms MarkObjects: 1.748200 ms  DeleteObjects: 0.015500 ms)

========================================================================
Received Prepare
Registering precompiled user dll's ...
Registered in 0.001752 seconds.
Begin MonoManager ReloadAssembly
Native extension for WindowsStandalone target not found
Refreshing native plugins compatible for Editor in 0.36 ms, found 0 plugins.
Preloading 0 native plugins for Editor in 0.00 ms.
Mono: successfully reloaded assembly
- Completed reload, in  1.224 seconds
Platform modules already initialized, skipping
Refreshing native plugins compatible for Editor in 0.24 ms, found 0 plugins.
Preloading 0 native plugins for Editor in 0.00 ms.
Unloading 1115 Unused Serialized files (Serialized files now loaded: 0)
System memory in use before: 61.5 MB.
System memory in use after: 61.6 MB.

Unloading 4 unused Assets to reduce memory usage. Loaded Objects now: 1604.
Total: 4.476400 ms (FindLiveObjects: 0.278300 ms CreateObjectMapping: 0.113200 ms MarkObjects: 4.065300 ms  DeleteObjects: 0.017800 ms)

========================================================================
Received Prepare
Registering precompiled user dll's ...
Registered in 0.002429 seconds.
Begin MonoManager ReloadAssembly
Native extension for WindowsStandalone target not found
Refreshing native plugins compatible for Editor in 0.26 ms, found 0 plugins.
Preloading 0 native plugins for Editor in 0.00 ms.
Mono: successfully reloaded assembly
- Completed reload, in  1.203 seconds
Platform modules already initialized, skipping
Refreshing native plugins compatible for Editor in 0.36 ms, found 0 plugins.
Preloading 0 native plugins for Editor in 0.00 ms.
Unloading 1115 Unused Serialized files (Serialized files now loaded: 0)
System memory in use before: 61.5 MB.
System memory in use after: 61.6 MB.

Unloading 4 unused Assets to reduce memory usage. Loaded Objects now: 1607.
Total: 2.919200 ms (FindLiveObjects: 0.257100 ms CreateObjectMapping: 0.099300 ms MarkObjects: 2.543500 ms  DeleteObjects: 0.017300 ms)

========================================================================
Received Prepare
Registering precompiled user dll's ...
Registered in 0.001956 seconds.
Begin MonoManager ReloadAssembly
Native extension for WindowsStandalone target not found
Refreshing native plugins compatible for Editor in 0.33 ms, found 0 plugins.
Preloading 0 native plugins for Editor in 0.00 ms.
Mono: successfully reloaded assembly
- Completed reload, in  1.159 seconds
Platform modules already initialized, skipping
Refreshing native plugins compatible for Editor in 0.21 ms, found 0 plugins.
Preloading 0 native plugins for Editor in 0.00 ms.
Unloading 1115 Unused Serialized files (Serialized files now loaded: 0)
System memory in use before: 61.5 MB.
System memory in use after: 61.6 MB.

Unloading 4 unused Assets to reduce memory usage. Loaded Objects now: 1610.
Total: 2.279700 ms (FindLiveObjects: 0.213000 ms CreateObjectMapping: 0.049300 ms MarkObjects: 1.994000 ms  DeleteObjects: 0.021700 ms)

========================================================================
Received Prepare
Registering precompiled user dll's ...
Registered in 0.002003 seconds.
Begin MonoManager ReloadAssembly
Native extension for WindowsStandalone target not found
Refreshing native plugins compatible for Editor in 0.21 ms, found 0 plugins.
Preloading 0 native plugins for Editor in 0.00 ms.
Mono: successfully reloaded assembly
- Completed reload, in  1.234 seconds
Platform modules already initialized, skipping
Refreshing native plugins compatible for Editor in 0.24 ms, found 0 plugins.
Preloading 0 native plugins for Editor in 0.00 ms.
Unloading 1115 Unused Serialized files (Serialized files now loaded: 0)
System memory in use before: 61.5 MB.
System memory in use after: 61.6 MB.

Unloading 4 unused Assets to reduce memory usage. Loaded Objects now: 1613.
Total: 2.127400 ms (FindLiveObjects: 0.242500 ms CreateObjectMapping: 0.078700 ms MarkObjects: 1.788800 ms  DeleteObjects: 0.015400 ms)

========================================================================
Received Prepare
Registering precompiled user dll's ...
Registered in 0.001600 seconds.
Begin MonoManager ReloadAssembly
Native extension for WindowsStandalone target not found
Refreshing native plugins compatible for Editor in 0.20 ms, found 0 plugins.
Preloading 0 native plugins for Editor in 0.00 ms.
Mono: successfully reloaded assembly
- Completed reload, in  1.088 seconds
Platform modules already initialized, skipping
Refreshing native plugins compatible for Editor in 0.27 ms, found 0 plugins.
Preloading 0 native plugins for Editor in 0.00 ms.
Unloading 1115 Unused Serialized files (Serialized files now loaded: 0)
System memory in use before: 61.5 MB.
System memory in use after: 61.6 MB.

Unloading 4 unused Assets to reduce memory usage. Loaded Objects now: 1616.
Total: 2.759900 ms (FindLiveObjects: 0.307400 ms CreateObjectMapping: 0.099100 ms MarkObjects: 2.329900 ms  DeleteObjects: 0.021700 ms)

========================================================================
Received Prepare
Registering precompiled user dll's ...
Registered in 0.001435 seconds.
Begin MonoManager ReloadAssembly
Native extension for WindowsStandalone target not found
Refreshing native plugins compatible for Editor in 0.42 ms, found 0 plugins.
Preloading 0 native plugins for Editor in 0.00 ms.
Mono: successfully reloaded assembly
- Completed reload, in  1.084 seconds
Platform modules already initialized, skipping
Refreshing native plugins compatible for Editor in 0.26 ms, found 0 plugins.
Preloading 0 native plugins for Editor in 0.00 ms.
Unloading 1115 Unused Serialized files (Serialized files now loaded: 0)
System memory in use before: 61.5 MB.
System memory in use after: 61.6 MB.

Unloading 4 unused Assets to reduce memory usage. Loaded Objects now: 1619.
Total: 2.175100 ms (FindLiveObjects: 0.278000 ms CreateObjectMapping: 0.087700 ms MarkObjects: 1.792900 ms  DeleteObjects: 0.015300 ms)

========================================================================
Received Prepare
Registering precompiled user dll's ...
Registered in 0.001811 seconds.
Begin MonoManager ReloadAssembly
Native extension for WindowsStandalone target not found
Refreshing native plugins compatible for Editor in 0.24 ms, found 0 plugins.
Preloading 0 native plugins for Editor in 0.00 ms.
Mono: successfully reloaded assembly
- Completed reload, in  1.044 seconds
Platform modules already initialized, skipping
Refreshing native plugins compatible for Editor in 0.87 ms, found 0 plugins.
Preloading 0 native plugins for Editor in 0.00 ms.
Unloading 1115 Unused Serialized files (Serialized files now loaded: 0)
System memory in use before: 61.5 MB.
System memory in use after: 61.6 MB.

Unloading 4 unused Assets to reduce memory usage. Loaded Objects now: 1622.
Total: 2.186500 ms (FindLiveObjects: 0.179700 ms CreateObjectMapping: 0.047200 ms MarkObjects: 1.939300 ms  DeleteObjects: 0.018500 ms)

