Using pre-set license
Built from '2020.3/release' branch; Version is '2020.3.7f1 (dd97f2c94397) revision 14522354'; Using compiler version '192528614'; Build Type 'Release'
OS: 'Windows 10 Home; OS build 19042.985; Version 2009; 64bit' Language: 'en' Physical Memory: 16271 MB
BatchMode: 1, IsHumanControllingUs: 0, StartBugReporterOnCrash: 0, Is64bit: 1, IsPro: 0

 COMMAND LINE ARGUMENTS:
C:\Program Files\Unity\Hub\Editor\2020.3.7f1\Editor\Unity.exe
-adb2
-batchMode
-noUpm
-name
AssetImportWorker0
-projectPath
D:/unitysaves/SuperCold/Super Cold
-logFile
Logs/AssetImportWorker0.log
-srvPort
56256
Successfully changed project path to: D:/unitysaves/SuperCold/Super Cold
D:/unitysaves/SuperCold/Super Cold
Using Asset Import Pipeline V2.
Refreshing native plugins compatible for Editor in 28.06 ms, found 0 plugins.
Preloading 0 native plugins for Editor in 0.00 ms.
Initialize engine version: 2020.3.7f1 (dd97f2c94397)
[Subsystems] Discovering subsystems at path C:/Program Files/Unity/Hub/Editor/2020.3.7f1/Editor/Data/Resources/UnitySubsystems
[Subsystems] Discovering subsystems at path D:/unitysaves/SuperCold/Super Cold/Assets
GfxDevice: creating device client; threaded=0
Direct3D:
    Version:  Direct3D 11.0 [level 11.1]
    Renderer: NVIDIA GeForce GTX 1060 (ID=0x1c20)
    Vendor:   
    VRAM:     6052 MB
    Driver:   27.21.14.6647
Initialize mono
Mono path[0] = 'C:/Program Files/Unity/Hub/Editor/2020.3.7f1/Editor/Data/Managed'
Mono path[1] = 'C:/Program Files/Unity/Hub/Editor/2020.3.7f1/Editor/Data/MonoBleedingEdge/lib/mono/unityjit'
Mono config path = 'C:/Program Files/Unity/Hub/Editor/2020.3.7f1/Editor/Data/MonoBleedingEdge/etc'
Using monoOptions --debugger-agent=transport=dt_socket,embedding=1,server=y,suspend=n,address=127.0.0.1:56956
Begin MonoManager ReloadAssembly
Registering precompiled unity dll's ...
Register platform support module: C:/Program Files/Unity/Hub/Editor/2020.3.7f1/Editor/Data/PlaybackEngines/WindowsStandaloneSupport/UnityEditor.WindowsStandalone.Extensions.dll
Registered in 0.003805 seconds.
Native extension for WindowsStandalone target not found
Refreshing native plugins compatible for Editor in 26.27 ms, found 0 plugins.
Preloading 0 native plugins for Editor in 0.00 ms.
Mono: successfully reloaded assembly
- Completed reload, in  1.344 seconds
Platform modules already initialized, skipping
Registering precompiled user dll's ...
Registered in 0.001672 seconds.
Begin MonoManager ReloadAssembly
Native extension for WindowsStandalone target not found
Refreshing native plugins compatible for Editor in 0.19 ms, found 0 plugins.
Preloading 0 native plugins for Editor in 0.00 ms.
Mono: successfully reloaded assembly
- Completed reload, in  1.066 seconds
Platform modules already initialized, skipping
========================================================================
Worker process is ready to serve import requests
Launched and connected shader compiler UnityShaderCompiler.exe after 0.07 seconds
Refreshing native plugins compatible for Editor in 0.31 ms, found 0 plugins.
Preloading 0 native plugins for Editor in 0.00 ms.
Unloading 1121 Unused Serialized files (Serialized files now loaded: 0)
System memory in use before: 58.4 MB.
System memory in use after: 58.5 MB.

Unloading 9 unused Assets to reduce memory usage. Loaded Objects now: 1567.
Total: 1.817600 ms (FindLiveObjects: 0.165200 ms CreateObjectMapping: 0.059900 ms MarkObjects: 1.506200 ms  DeleteObjects: 0.085400 ms)

========================================================================
Received Import Request.
  path: Assets/prefabs/obstacles
  artifactKey: Guid(cb700e4b649ef0d44b5f6e7b26388229) Importer(815301076,1909f56bfc062723c751e8b465ee728b)
Start importing Assets/prefabs/obstacles using Guid(cb700e4b649ef0d44b5f6e7b26388229) Importer(815301076,1909f56bfc062723c751e8b465ee728b)  -> (artifact id: 'b2cf58fd341a056ae6c60b235c076f6f') in 0.006715 seconds
  Import took 0.008545 seconds .

========================================================================
Received Import Request.
  Time since last request: 21.937221 seconds.
  path: Assets/prefabs/edge0.prefab
  artifactKey: Guid(90a8960a5a69ee94c99f81d81da2cb00) Importer(815301076,1909f56bfc062723c751e8b465ee728b)
Start importing Assets/prefabs/edge0.prefab using Guid(90a8960a5a69ee94c99f81d81da2cb00) Importer(815301076,1909f56bfc062723c751e8b465ee728b)  -> (artifact id: '1782ee88d6a2351c30b5ae5ada8f3ed8') in 0.162830 seconds
  Import took 0.180104 seconds .

========================================================================
Received Import Request.
  Time since last request: 1.520789 seconds.
  path: Assets/prefabs/edge1.prefab
  artifactKey: Guid(974cd6423825daf408c2dd107080cb70) Importer(815301076,1909f56bfc062723c751e8b465ee728b)
Start importing Assets/prefabs/edge1.prefab using Guid(974cd6423825daf408c2dd107080cb70) Importer(815301076,1909f56bfc062723c751e8b465ee728b)  -> (artifact id: '271dd0f410da121511913ad2604bc175') in 0.104594 seconds
  Import took 0.106627 seconds .

========================================================================
Received Import Request.
  Time since last request: 1.119252 seconds.
  path: Assets/prefabs/edge2.prefab
  artifactKey: Guid(55e8a9e1020d9204a8d9e70dd31f4112) Importer(815301076,1909f56bfc062723c751e8b465ee728b)
Start importing Assets/prefabs/edge2.prefab using Guid(55e8a9e1020d9204a8d9e70dd31f4112) Importer(815301076,1909f56bfc062723c751e8b465ee728b)  -> (artifact id: 'ce1ce8724b73d0f36167af32fc24bcba') in 0.017139 seconds
  Import took 0.055600 seconds .

========================================================================
Received Import Request.
  Time since last request: 1.361366 seconds.
  path: Assets/prefabs/edge3.prefab
  artifactKey: Guid(45e4097f444e75f4cb61399e343890d1) Importer(815301076,1909f56bfc062723c751e8b465ee728b)
Start importing Assets/prefabs/edge3.prefab using Guid(45e4097f444e75f4cb61399e343890d1) Importer(815301076,1909f56bfc062723c751e8b465ee728b)  -> (artifact id: '6a322ce482ff0ecdf69682ba4a520dcd') in 0.023116 seconds
  Import took 0.025426 seconds .

========================================================================
Received Import Request.
  Time since last request: 1.293076 seconds.
  path: Assets/prefabs/edge4.prefab
  artifactKey: Guid(a2b84bf09642bb347a63b00d42109b12) Importer(815301076,1909f56bfc062723c751e8b465ee728b)
Start importing Assets/prefabs/edge4.prefab using Guid(a2b84bf09642bb347a63b00d42109b12) Importer(815301076,1909f56bfc062723c751e8b465ee728b)  -> (artifact id: '8548e844e0fff5d8d76b814bb0f75fbf') in 0.013876 seconds
  Import took 0.015881 seconds .

========================================================================
Received Import Request.
  Time since last request: 1.150675 seconds.
  path: Assets/prefabs/edge5.prefab
  artifactKey: Guid(092fb348749745b40991ad5e40e418c7) Importer(815301076,1909f56bfc062723c751e8b465ee728b)
Start importing Assets/prefabs/edge5.prefab using Guid(092fb348749745b40991ad5e40e418c7) Importer(815301076,1909f56bfc062723c751e8b465ee728b)  -> (artifact id: '1ca25c174590c1b68b631459893e61f8') in 0.016294 seconds
  Import took 0.018751 seconds .

========================================================================
Received Import Request.
  Time since last request: 0.853144 seconds.
  path: Assets/prefabs/edge6.prefab
  artifactKey: Guid(4758e4f643b8fc24f919a8fba03493a2) Importer(815301076,1909f56bfc062723c751e8b465ee728b)
Start importing Assets/prefabs/edge6.prefab using Guid(4758e4f643b8fc24f919a8fba03493a2) Importer(815301076,1909f56bfc062723c751e8b465ee728b)  -> (artifact id: 'dc403cf73542e21e91520032110bc97a') in 0.027633 seconds
  Import took 0.030408 seconds .

========================================================================
Received Import Request.
  Time since last request: 1.083970 seconds.
  path: Assets/prefabs/edge7.prefab
  artifactKey: Guid(4e4807f1e3542924a9cd58bdabc93295) Importer(815301076,1909f56bfc062723c751e8b465ee728b)
Start importing Assets/prefabs/edge7.prefab using Guid(4e4807f1e3542924a9cd58bdabc93295) Importer(815301076,1909f56bfc062723c751e8b465ee728b)  -> (artifact id: '0aa269edbbe75b90b5e96a93779fe093') in 0.015433 seconds
  Import took 0.017580 seconds .

========================================================================
Received Import Request.
  Time since last request: 53.080973 seconds.
  path: Assets/Scripts/lengthController.cs
  artifactKey: Guid(9c0474273a4cc7a4f8c689ca354419c7) Importer(815301076,1909f56bfc062723c751e8b465ee728b)
Start importing Assets/Scripts/lengthController.cs using Guid(9c0474273a4cc7a4f8c689ca354419c7) Importer(815301076,1909f56bfc062723c751e8b465ee728b)  -> (artifact id: '80c54120af3e8f8257c016e5ee960f3b') in 0.023939 seconds
  Import took 0.026032 seconds .

========================================================================
Received Prepare
Registering precompiled user dll's ...
Registered in 0.002151 seconds.
Begin MonoManager ReloadAssembly
Native extension for WindowsStandalone target not found
Refreshing native plugins compatible for Editor in 0.25 ms, found 0 plugins.
Preloading 0 native plugins for Editor in 0.00 ms.
Mono: successfully reloaded assembly
- Completed reload, in  1.561 seconds
Platform modules already initialized, skipping
Refreshing native plugins compatible for Editor in 0.34 ms, found 0 plugins.
Preloading 0 native plugins for Editor in 0.00 ms.
Unloading 1115 Unused Serialized files (Serialized files now loaded: 0)
System memory in use before: 61.3 MB.
System memory in use after: 61.4 MB.

Unloading 5 unused Assets to reduce memory usage. Loaded Objects now: 1578.
Total: 2.103900 ms (FindLiveObjects: 0.275000 ms CreateObjectMapping: 0.095900 ms MarkObjects: 1.708500 ms  DeleteObjects: 0.022600 ms)

========================================================================
Received Prepare
Registering precompiled user dll's ...
Registered in 0.001304 seconds.
Begin MonoManager ReloadAssembly
Native extension for WindowsStandalone target not found
Refreshing native plugins compatible for Editor in 0.38 ms, found 0 plugins.
Preloading 0 native plugins for Editor in 0.00 ms.
Mono: successfully reloaded assembly
- Completed reload, in  1.123 seconds
Platform modules already initialized, skipping
Refreshing native plugins compatible for Editor in 0.22 ms, found 0 plugins.
Preloading 0 native plugins for Editor in 0.00 ms.
Unloading 1115 Unused Serialized files (Serialized files now loaded: 0)
System memory in use before: 61.4 MB.
System memory in use after: 61.5 MB.

Unloading 4 unused Assets to reduce memory usage. Loaded Objects now: 1581.
Total: 2.143200 ms (FindLiveObjects: 0.166700 ms CreateObjectMapping: 0.043400 ms MarkObjects: 1.900400 ms  DeleteObjects: 0.015600 ms)

========================================================================
Received Prepare
Registering precompiled user dll's ...
Registered in 0.008562 seconds.
Begin MonoManager ReloadAssembly
Native extension for WindowsStandalone target not found
Refreshing native plugins compatible for Editor in 0.35 ms, found 0 plugins.
Preloading 0 native plugins for Editor in 0.00 ms.
Mono: successfully reloaded assembly
- Completed reload, in  1.360 seconds
Platform modules already initialized, skipping
Refreshing native plugins compatible for Editor in 0.32 ms, found 0 plugins.
Preloading 0 native plugins for Editor in 0.00 ms.
Unloading 1115 Unused Serialized files (Serialized files now loaded: 0)
System memory in use before: 61.4 MB.
System memory in use after: 61.5 MB.

Unloading 4 unused Assets to reduce memory usage. Loaded Objects now: 1584.
Total: 1.775700 ms (FindLiveObjects: 0.155900 ms CreateObjectMapping: 0.036500 ms MarkObjects: 1.565200 ms  DeleteObjects: 0.016900 ms)

AssetImportWorkerClient::OnTransportError - code=2 error=End of file
